lun. juin 18 23:42:30 2012 - INFORM - Conversion d'une constante en Entier: 1 --> 1
lun. juin 18 23:42:30 2012 - INFORM - Creation d'une constante de type Entier de valeur 1
lun. juin 18 23:42:30 2012 - INFORM - Conversion d'une constante en Entier: 2 --> 2
lun. juin 18 23:42:30 2012 - INFORM - Creation d'une constante de type Entier de valeur 2
lun. juin 18 23:42:31 2012 - INFORM - Conversion d'une constante en Entier: 3 --> 3
lun. juin 18 23:42:31 2012 - INFORM - Creation d'une constante de type Entier de valeur 3
lun. juin 18 23:42:31 2012 - INFORM - Conversion d'une constante en Entier: 5 --> 5
lun. juin 18 23:42:31 2012 - INFORM - Application d'un operateur binaire de valeur +
lun. juin 18 23:42:32 2012 - INFORM - Conversion d'une constante en Entier: 6 --> 6
lun. juin 18 23:42:32 2012 - INFORM - Application d'un operateur binaire de valeur +
lun. juin 18 23:42:39 2012 - INFORM - Conversion d'une constante en Entier: 2 --> 2
lun. juin 18 23:42:39 2012 - INFORM - Creation d'une constante de type Entier de valeur 2
lun. juin 18 23:42:40 2012 - INFORM - Conversion d'une constante en Entier: 6 --> 6
lun. juin 18 23:42:40 2012 - INFORM - Creation d'une constante de type Entier de valeur 6
lun. juin 18 23:42:40 2012 - INFORM - Conversion d'une constante en Entier: 4 --> 4
lun. juin 18 23:42:40 2012 - INFORM - Creation d'une constante de type Entier de valeur 4
lun. juin 18 23:42:41 2012 - INFORM - Conversion d'une constante en Entier: 10 --> 10
lun. juin 18 23:42:41 2012 - INFORM - Application d'un operateur binaire de valeur +
lun. juin 18 23:42:42 2012 - INFORM - Conversion d'une constante en Entier: 5 --> 5
lun. juin 18 23:42:42 2012 - INFORM - Application d'un operateur binaire de valeur /

lun. juin 18 23:49:47 2012 - SYSTEM - Creation d'une instance de calculatrice 
lun. juin 18 23:51:31 2012 - SYSTEM - Creation d'une instance de calculatrice 
lun. juin 18 23:57:25 2012 - SYSTEM - Creation d'une instance de calculatrice 
mar. juin 19 00:09:32 2012 - SYSTEM - Creation d'une instance de calculatrice 
mar. juin 19 00:11:30 2012 - SYSTEM - Creation d'une instance de calculatrice 
mar. juin 19 00:12:43 2012 - SYSTEM - Creation d'une instance de calculatrice 
mar. juin 19 00:14:49 2012 - SYSTEM - Creation d'une instance de calculatrice 
mar. juin 19 00:17:38 2012 - SYSTEM - Creation d'une instance de calculatrice 
mar. juin 19 00:18:31 2012 - SYSTEM - Creation d'une instance de calculatrice 
mar. juin 19 00:20:49 2012 - SYSTEM - Creation d'une instance de calculatrice 
mar. juin 19 00:21:26 2012 - SYSTEM - Creation d'une instance de calculatrice 
mar. juin 19 00:21:50 2012 - SYSTEM - Creation d'une instance de calculatrice 
mar. juin 19 00:22:22 2012 - SYSTEM - Creation d'une instance de calculatrice 
mar. juin 19 00:27:11 2012 - SYSTEM - Creation d'une instance de calculatrice 
mar. juin 19 00:28:27 2012 - SYSTEM - Creation d'une instance de calculatrice 
mar. juin 19 00:29:14 2012 - SYSTEM - Creation d'une instance de calculatrice 
mar. juin 19 00:31:46 2012 - SYSTEM - Creation d'une instance de calculatrice 
mar. juin 19 00:32:57 2012 - SYSTEM - Creation d'une instance de calculatrice 
mar. juin 19 00:33:10 2012 - INFORM - Conversion d'une constante en Entier: 1 --> 1
mar. juin 19 00:33:10 2012 - INFORM - Creation d'une constante de type Entier de valeur 1
mar. juin 19 00:33:11 2012 - INFORM - Conversion d'une constante en Entier: 2 --> 2
mar. juin 19 00:33:11 2012 - INFORM - Creation d'une constante de type Entier de valeur 2
mar. juin 19 00:33:11 2012 - INFORM - Conversion d'une constante en Entier: 3 --> 3
mar. juin 19 00:33:11 2012 - INFORM - Creation d'une constante de type Entier de valeur 3
mar. juin 19 00:33:11 2012 - INFORM - Conversion d'une constante en Entier: 6 --> 6
mar. juin 19 00:33:11 2012 - INFORM - Creation d'une constante de type Entier de valeur 6
mar. juin 19 00:33:12 2012 - INFORM - Conversion d'une constante en Entier: 5 --> 5
mar. juin 19 00:33:12 2012 - INFORM - Creation d'une constante de type Entier de valeur 5
mar. juin 19 00:33:14 2012 - INFORM - Conversion d'une constante en Entier: 4 --> 4
mar. juin 19 00:33:14 2012 - INFORM - Creation d'une constante de type Entier de valeur 4
mar. juin 19 00:34:14 2012 - SYSTEM - Creation d'une instance de calculatrice 
mar. juin 19 00:34:15 2012 - INFORM - Conversion d'une constante en Entier: 1 --> 1
mar. juin 19 00:34:15 2012 - INFORM - Creation d'une constante de type Entier de valeur 1
mar. juin 19 00:34:16 2012 - INFORM - Conversion d'une constante en Entier: 3 --> 3
mar. juin 19 00:34:16 2012 - INFORM - Creation d'une constante de type Entier de valeur 3
mar. juin 19 00:34:17 2012 - INFORM - Conversion d'une constante en Entier: 6 --> 6
mar. juin 19 00:34:17 2012 - INFORM - Creation d'une constante de type Entier de valeur 6
mar. juin 19 00:34:18 2012 - INFORM - Conversion d'une constante en Entier: 9 --> 9
mar. juin 19 00:34:18 2012 - INFORM - Application d'un operateur binaire de valeur +
mar. juin 19 00:34:18 2012 - INFORM - Conversion d'une constante en Entier: 10 --> 10
mar. juin 19 00:34:18 2012 - INFORM - Application d'un operateur binaire de valeur +
mar. juin 19 00:35:40 2012 - SYSTEM - Creation d'une instance de calculatrice 
mar. juin 19 00:36:11 2012 - SYSTEM - Creation d'une instance de calculatrice 
mar. juin 19 00:39:05 2012 - SYSTEM - Creation d'une instance de calculatrice 
mar. juin 19 00:39:39 2012 - SYSTEM - Creation d'une instance de calculatrice 
mar. juin 19 00:40:27 2012 - SYSTEM - Creation d'une instance de calculatrice 
mar. juin 19 00:44:26 2012 - SYSTEM - Creation d'une instance de calculatrice 
mar. juin 19 00:45:11 2012 - SYSTEM - Creation d'une instance de calculatrice 
mar. juin 19 00:45:43 2012 - SYSTEM - Creation d'une instance de calculatrice 
mar. juin 19 00:46:46 2012 - SYSTEM - Creation d'une instance de calculatrice 
mar. juin 19 00:47:43 2012 - INFORM - Conversion d'une constante en Entier: 2 --> 2
mar. juin 19 00:47:43 2012 - INFORM - Creation d'une constante de type Entier de valeur 2
mar. juin 19 00:47:46 2012 - INFORM - Conversion d'une constante en Entier: 3 --> 3
mar. juin 19 00:47:46 2012 - INFORM - Creation d'une constante de type Entier de valeur 3
mar. juin 19 00:47:46 2012 - INFORM - Conversion d'une constante en Entier: 5 --> 5
mar. juin 19 00:47:46 2012 - INFORM - Application d'un operateur binaire de valeur +
mer. juin 20 11:46:21 2012 - SYSTEM - Creation d'une instance de calculatrice 
mer. juin 20 11:49:14 2012 - SYSTEM - Creation d'une instance de calculatrice 
mer. juin 20 11:49:31 2012 - SYSTEM - Creation d'une instance de calculatrice 
mer. juin 20 11:52:25 2012 - SYSTEM - Creation d'une instance de calculatrice 
mer. juin 20 11:53:03 2012 - SYSTEM - Creation d'une instance de calculatrice 
mer. juin 20 11:53:46 2012 - SYSTEM - Creation d'une instance de calculatrice 
mer. juin 20 11:54:04 2012 - INFORM - Conversion d'une constante en Entier: 1 --> 1
mer. juin 20 11:54:04 2012 - INFORM - Creation d'une constante de type Entier de valeur 1
mer. juin 20 11:54:04 2012 - INFORM - Conversion d'une constante en Entier: 2 --> 2
mer. juin 20 11:54:04 2012 - INFORM - Creation d'une constante de type Entier de valeur 2
mer. juin 20 11:54:04 2012 - INFORM - Conversion d'une constante en Entier: 3 --> 3
mer. juin 20 11:54:04 2012 - INFORM - Application d'un operateur binaire de valeur +
mer. juin 20 11:54:08 2012 - INFORM - Conversion d'une constante en Entier: 5 --> 5
mer. juin 20 11:54:08 2012 - INFORM - Creation d'une constante de type Entier de valeur 5
mer. juin 20 11:54:08 2012 - INFORM - Conversion d'une constante en Entier: 15 --> 15
mer. juin 20 11:54:08 2012 - INFORM - Application d'un operateur binaire de valeur *
mer. juin 20 11:54:14 2012 - INFORM - Creation d'une constante de type Expression de valeur 3 4 +
mer. juin 20 11:54:15 2012 - INFORM - Application d'un operateur binaire de valeur +
mer. juin 20 11:54:23 2012 - INFORM - Conversion d'une constante en Entier: 15 --> 15
mer. juin 20 11:54:23 2012 - INFORM - Creation d'une constante de type Entier de valeur 15
mer. juin 20 11:54:23 2012 - INFORM - Conversion d'une constante en Entier: 3 --> 3
mer. juin 20 11:54:23 2012 - INFORM - Creation d'une constante de type Entier de valeur 3
mer. juin 20 11:54:23 2012 - INFORM - Conversion d'une constante en Entier: 4 --> 4
mer. juin 20 11:54:23 2012 - INFORM - Creation d'une constante de type Entier de valeur 4
mer. juin 20 11:54:23 2012 - INFORM - Conversion d'une constante en Entier: 7 --> 7
mer. juin 20 11:54:23 2012 - INFORM - Application d'un operateur binaire de valeur +
mer. juin 20 11:54:23 2012 - INFORM - Conversion d'une constante en Entier: 22 --> 22
mer. juin 20 11:54:23 2012 - INFORM - Application d'un operateur binaire de valeur +
mer. juin 20 11:54:23 2012 - INFORM - Application d'un operateur unaire de valeur EVAL
mer. juin 20 11:55:09 2012 - SYSTEM - Creation d'une instance de calculatrice 
mer. juin 20 11:55:26 2012 - SYSTEM - Creation d'une instance de calculatrice 
mer. juin 20 11:55:38 2012 - INFORM - Conversion d'une constante en Entier: 1 --> 1
mer. juin 20 11:55:38 2012 - INFORM - Creation d'une constante de type Entier de valeur 1
mer. juin 20 11:55:47 2012 - INFORM - Conversion d'une constante en Entier: 2 --> 2
mer. juin 20 11:55:47 2012 - INFORM - Application d'un operateur binaire de valeur +
mer. juin 20 11:55:47 2012 - INFORM - Conversion d'une constante en Entier: 3 --> 3
mer. juin 20 11:55:47 2012 - INFORM - Application d'un operateur binaire de valeur +
mer. juin 20 11:55:48 2012 - INFORM - Conversion d'une constante en Entier: 4 --> 4
mer. juin 20 11:55:48 2012 - INFORM - Application d'un operateur binaire de valeur +
mer. juin 20 11:56:30 2012 - SYSTEM - Creation d'une instance de calculatrice 
mer. juin 20 11:56:59 2012 - SYSTEM - Creation d'une instance de calculatrice 
mer. juin 20 12:00:24 2012 - SYSTEM - Creation d'une instance de calculatrice 
mer. juin 20 12:05:21 2012 - SYSTEM - Creation d'une instance de calculatrice 
mer. juin 20 12:07:27 2012 - SYSTEM - Creation d'une instance de calculatrice 
mer. juin 20 12:09:38 2012 - SYSTEM - Creation d'une instance de calculatrice 
mer. juin 20 12:10:43 2012 - SYSTEM - Creation d'une instance de calculatrice 
mer. juin 20 12:14:01 2012 - SYSTEM - Creation d'une instance de calculatrice 
mer. juin 20 12:17:13 2012 - SYSTEM - Creation d'une instance de calculatrice 
mer. juin 20 12:22:21 2012 - SYSTEM - Creation d'une instance de calculatrice 
mer. juin 20 12:22:56 2012 - SYSTEM - Creation d'une instance de calculatrice 
mer. juin 20 12:24:01 2012 - SYSTEM - Creation d'une instance de calculatrice 
mer. juin 20 12:25:19 2012 - SYSTEM - Creation d'une instance de calculatrice 
mer. juin 20 12:28:41 2012 - SYSTEM - Creation d'une instance de calculatrice 
mer. juin 20 12:29:47 2012 - SYSTEM - Creation d'une instance de calculatrice 
mer. juin 20 12:30:38 2012 - SYSTEM - Creation d'une instance de calculatrice 
mer. juin 20 12:31:20 2012 - SYSTEM - Creation d'une instance de calculatrice 
mer. juin 20 12:32:23 2012 - SYSTEM - Creation d'une instance de calculatrice 
mer. juin 20 12:33:59 2012 - SYSTEM - Creation d'une instance de calculatrice 
mer. juin 20 12:34:19 2012 - SYSTEM - Creation d'une instance de calculatrice 
mer. juin 20 12:39:25 2012 - SYSTEM - Creation d'une instance de calculatrice 
mer. juin 20 12:40:17 2012 - SYSTEM - Creation d'une instance de calculatrice 
mer. juin 20 12:41:08 2012 - SYSTEM - Creation d'une instance de calculatrice 
mer. juin 20 12:41:11 2012 - SYSTEM - Creation d'une instance de calculatrice 
mer. juin 20 12:47:35 2012 - SYSTEM - Creation d'une instance de calculatrice 
mer. juin 20 12:48:31 2012 - SYSTEM - Creation d'une instance de calculatrice 
mer. juin 20 12:48:37 2012 - INFORM - Conversion d'une constante en Entier: 1 --> 1
mer. juin 20 12:48:37 2012 - INFORM - Creation d'une constante de type Entier de valeur 1
mer. juin 20 12:48:37 2012 - INFORM - Application d'un operateur unaire de valeur COS
mer. juin 20 12:57:06 2012 - SYSTEM - Creation d'une instance de calculatrice 
mer. juin 20 12:57:13 2012 - INFORM - Conversion d'une constante en Entier: 0 --> 0
mer. juin 20 12:57:13 2012 - INFORM - Creation d'une constante de type Entier de valeur 0
mer. juin 20 12:57:13 2012 - INFORM - Application d'un operateur unaire de valeur COS
mer. juin 20 12:59:19 2012 - SYSTEM - Creation d'une instance de calculatrice 
mer. juin 20 12:59:39 2012 - SYSTEM - Creation d'une instance de calculatrice 
mer. juin 20 13:00:37 2012 - INFORM - Conversion d'une constante en Entier: 1 --> 1
mer. juin 20 13:00:37 2012 - INFORM - Creation d'une constante de type Entier de valeur 1
mer. juin 20 13:00:37 2012 - INFORM - Application d'un operateur unaire de valeur COS
mer. juin 20 13:02:18 2012 - SYSTEM - Creation d'une instance de calculatrice 
mer. juin 20 13:02:29 2012 - INFORM - Conversion d'une constante en Entier: 0 --> 0
mer. juin 20 13:02:29 2012 - INFORM - Creation d'une constante de type Entier de valeur 0
mer. juin 20 13:02:29 2012 - INFORM - Application d'un operateur unaire de valeur COS
mer. juin 20 13:02:47 2012 - SYSTEM - Creation d'une instance de calculatrice 
mer. juin 20 13:03:00 2012 - INFORM - Conversion d'une constante en Entier: 1 --> 1
mer. juin 20 13:03:00 2012 - INFORM - Creation d'une constante de type Entier de valeur 1
mer. juin 20 13:03:00 2012 - INFORM - Application d'un operateur unaire de valeur COS
mer. juin 20 13:03:05 2012 - SYSTEM - Creation d'une instance de calculatrice 
mer. juin 20 13:03:11 2012 - INFORM - Conversion d'une constante en Entier: 1 --> 1
mer. juin 20 13:03:11 2012 - INFORM - Creation d'une constante de type Entier de valeur 1
mer. juin 20 13:03:11 2012 - INFORM - Application d'un operateur unaire de valeur COS
mer. juin 20 13:03:42 2012 - SYSTEM - Creation d'une instance de calculatrice 
mer. juin 20 13:03:47 2012 - INFORM - Conversion d'une constante en Entier: 1 --> 1
mer. juin 20 13:03:47 2012 - INFORM - Creation d'une constante de type Entier de valeur 1
mer. juin 20 13:03:47 2012 - INFORM - Conversion d'une constante en Entier: 180 --> 180
mer. juin 20 13:03:47 2012 - INFORM - Creation d'une constante de type Entier de valeur 180
mer. juin 20 13:03:47 2012 - INFORM - Conversion d'une constante en Entier: 180 --> 180
mer. juin 20 13:03:47 2012 - INFORM - Application d'un operateur binaire de valeur *
mer. juin 20 13:03:57 2012 - INFORM - Conversion d'une constante en Reel: 3.14 --> 3.14
mer. juin 20 13:03:57 2012 - INFORM - Creation d'une constante de type Reel de valeur 3.14
mer. juin 20 13:03:57 2012 - INFORM - Conversion d'une constante en Reel: 157/9000 --> 0.0174444
mer. juin 20 13:03:57 2012 - INFORM - Application d'un operateur binaire de valeur /
mer. juin 20 13:04:01 2012 - INFORM - Application d'un operateur unaire de valeur COS
mer. juin 20 13:08:16 2012 - SYSTEM - Creation d'une instance de calculatrice 
mer. juin 20 13:08:27 2012 - INFORM - Conversion d'une constante en Entier: 1 --> 1
mer. juin 20 13:08:27 2012 - INFORM - Creation d'une constante de type Entier de valeur 1
mer. juin 20 13:08:27 2012 - INFORM - Application d'un operateur unaire de valeur COS
mer. juin 20 13:09:09 2012 - SYSTEM - Creation d'une instance de calculatrice 
mer. juin 20 13:09:14 2012 - INFORM - Conversion d'une constante en Entier: 1 --> 1
mer. juin 20 13:09:14 2012 - INFORM - Creation d'une constante de type Entier de valeur 1
mer. juin 20 13:09:14 2012 - INFORM - Application d'un operateur unaire de valeur COS
mer. juin 20 13:09:22 2012 - INFORM - Conversion d'une constante en Entier: 1 --> 1
mer. juin 20 13:09:22 2012 - INFORM - Creation d'une constante de type Entier de valeur 1
mer. juin 20 13:09:22 2012 - INFORM - Application d'un operateur unaire de valeur COS
mer. juin 20 13:10:03 2012 - SYSTEM - Creation d'une instance de calculatrice 
mer. juin 20 13:10:15 2012 - SYSTEM - Creation d'une instance de calculatrice 
mer. juin 20 13:10:29 2012 - INFORM - Conversion d'une constante en Reel: 1 --> 1
mer. juin 20 13:10:29 2012 - INFORM - Creation d'une constante de type Entier de valeur 1
mer. juin 20 13:10:29 2012 - INFORM - Application d'un operateur unaire de valeur COS
mer. juin 20 13:11:18 2012 - SYSTEM - Creation d'une instance de calculatrice 
mer. juin 20 13:11:23 2012 - INFORM - Conversion d'une constante en Entier: 1 --> 1
mer. juin 20 13:11:23 2012 - INFORM - Creation d'une constante de type Entier de valeur 1
mer. juin 20 13:11:23 2012 - INFORM - Application d'un operateur unaire de valeur COS
mer. juin 20 13:11:34 2012 - INFORM - Conversion d'une constante en Entier: 1 --> 1
mer. juin 20 13:11:34 2012 - INFORM - Creation d'une constante de type Entier de valeur 1
mer. juin 20 13:11:34 2012 - INFORM - Application d'un operateur unaire de valeur COS
mer. juin 20 13:13:01 2012 - SYSTEM - Creation d'une instance de calculatrice 
mer. juin 20 13:13:06 2012 - INFORM - Conversion d'une constante en Entier: 1 --> 1
mer. juin 20 13:13:06 2012 - INFORM - Creation d'une constante de type Entier de valeur 1
mer. juin 20 13:13:06 2012 - INFORM - Application d'un operateur unaire de valeur SIN
mer. juin 20 13:13:16 2012 - INFORM - Conversion d'une constante en Entier: 1 --> 1
mer. juin 20 13:13:16 2012 - INFORM - Creation d'une constante de type Entier de valeur 1
mer. juin 20 13:13:16 2012 - INFORM - Application d'un operateur unaire de valeur SIN
mer. juin 20 13:13:40 2012 - INFORM - Conversion d'une constante en Entier: 1 --> 1
mer. juin 20 13:13:40 2012 - INFORM - Creation d'une constante de type Entier de valeur 1
mer. juin 20 13:13:40 2012 - INFORM - Application d'un operateur unaire de valeur SIN
mer. juin 20 13:15:06 2012 - SYSTEM - Creation d'une instance de calculatrice 
mer. juin 20 13:15:13 2012 - INFORM - Conversion d'une constante en Entier: 1 --> 1
mer. juin 20 13:15:13 2012 - INFORM - Creation d'une constante de type Entier de valeur 1
mer. juin 20 13:15:13 2012 - INFORM - Application d'un operateur unaire de valeur COS
mer. juin 20 13:15:36 2012 - SYSTEM - Creation d'une instance de calculatrice 
mer. juin 20 13:15:42 2012 - INFORM - Conversion d'une constante en Reel: 2.2 --> 2.2
mer. juin 20 13:15:42 2012 - INFORM - Creation d'une constante de type Reel de valeur 2.2
mer. juin 20 13:15:47 2012 - SYSTEM - Creation d'une instance de calculatrice 
mer. juin 20 13:15:50 2012 - INFORM - Conversion d'une constante en Rationnel: 4 --> 4/1
mer. juin 20 13:15:50 2012 - INFORM - Creation d'une constante de type Entier de valeur 4/1
mer. juin 20 13:16:04 2012 - INFORM - Creation d'une constante de type Expression de valeur  34 +
mer. juin 20 13:16:17 2012 - INFORM - Conversion d'une constante en Entier: 3 --> 3
mer. juin 20 13:16:17 2012 - INFORM - Creation d'une constante de type Entier de valeur 3
mer. juin 20 13:16:17 2012 - INFORM - Conversion d'une constante en Entier: 4 --> 4
mer. juin 20 13:16:17 2012 - INFORM - Creation d'une constante de type Entier de valeur 4
mer. juin 20 13:16:17 2012 - INFORM - Creation d'une constante de type Complexe de valeur 3$4
mer. juin 20 13:16:31 2012 - SYSTEM - Creation d'une instance de calculatrice 
mer. juin 20 13:16:35 2012 - INFORM - Conversion d'une constante en Entier: 1 --> 1
mer. juin 20 13:16:35 2012 - INFORM - Creation d'une constante de type Entier de valeur 1
mer. juin 20 13:16:35 2012 - INFORM - Application d'un operateur unaire de valeur COS
mer. juin 20 13:18:38 2012 - SYSTEM - Creation d'une instance de calculatrice 
mer. juin 20 13:19:36 2012 - SYSTEM - Creation d'une instance de calculatrice 
mer. juin 20 13:20:18 2012 - SYSTEM - Creation d'une instance de calculatrice 
mer. juin 20 13:21:31 2012 - SYSTEM - Creation d'une instance de calculatrice 
mer. juin 20 13:23:04 2012 - SYSTEM - Creation d'une instance de calculatrice 
mer. juin 20 13:26:07 2012 - SYSTEM - Creation d'une instance de calculatrice 
mer. juin 20 13:26:26 2012 - INFORM - Conversion d'une constante en Entier: 3 --> 3
mer. juin 20 13:26:26 2012 - INFORM - Creation d'une constante de type Entier de valeur 3
mer. juin 20 13:26:26 2012 - INFORM - Conversion d'une constante en Entier: 4 --> 4
mer. juin 20 13:26:26 2012 - INFORM - Creation d'une constante de type Entier de valeur 4
mer. juin 20 13:26:26 2012 - INFORM - Creation d'une constante de type Complexe de valeur 3$4
mer. juin 20 13:26:37 2012 - INFORM - Conversion d'une constante en Entier: 2 --> 2
mer. juin 20 13:26:37 2012 - INFORM - Creation d'une constante de type Entier de valeur 2
mer. juin 20 13:26:37 2012 - INFORM - Application d'un operateur binaire de valeur +
mer. juin 20 13:33:00 2012 - INFORM - Conversion d'une constante en Entier: 360 --> 360
mer. juin 20 13:33:00 2012 - INFORM - Creation d'une constante de type Entier de valeur 360
mer. juin 20 13:33:00 2012 - INFORM - Application d'un operateur unaire de valeur COS
mer. juin 20 13:33:27 2012 - INFORM - Conversion d'une constante en Entier: 9 --> 9
mer. juin 20 13:33:27 2012 - INFORM - Creation d'une constante de type Entier de valeur 9
mer. juin 20 13:34:35 2012 - INFORM - Conversion d'une constante en Entier: 5 --> 5
mer. juin 20 13:34:35 2012 - INFORM - Creation d'une constante de type Entier de valeur 5
mer. juin 20 13:34:38 2012 - INFORM - Application d'un operateur unaire de valeur !
mer. juin 20 13:41:52 2012 - SYSTEM - Creation d'une instance de calculatrice 
mer. juin 20 13:48:39 2012 - SYSTEM - Creation d'une instance de calculatrice 
mer. juin 20 13:50:16 2012 - SYSTEM - Creation d'une instance de calculatrice 
mer. juin 20 13:50:23 2012 - INFORM - Conversion d'une constante en Reel: 1 --> 1
mer. juin 20 13:50:23 2012 - INFORM - Creation d'une constante de type Entier de valeur 1
mer. juin 20 13:57:27 2012 - SYSTEM - Creation d'une instance de calculatrice 
mer. juin 20 13:57:55 2012 - SYSTEM - Creation d'une instance de calculatrice 
mer. juin 20 14:00:24 2012 - SYSTEM - Creation d'une instance de calculatrice 
mer. juin 20 14:01:06 2012 - SYSTEM - Creation d'une instance de calculatrice 
mer. juin 20 14:03:18 2012 - SYSTEM - Creation d'une instance de calculatrice 
mer. juin 20 14:04:16 2012 - SYSTEM - Creation d'une instance de calculatrice 
mer. juin 20 14:04:29 2012 - INFORM - Conversion d'une constante en Entier: 1 --> 1
mer. juin 20 14:04:29 2012 - INFORM - Creation d'une constante de type Entier de valeur 1
mer. juin 20 14:04:34 2012 - SYSTEM - Creation d'une instance de calculatrice 
mer. juin 20 14:04:56 2012 - SYSTEM - Creation d'une instance de calculatrice 
mer. juin 20 14:06:22 2012 - SYSTEM - Creation d'une instance de calculatrice 
mer. juin 20 14:06:28 2012 - INFORM - Conversion d'une constante en Reel: 1 --> 1
mer. juin 20 14:06:28 2012 - INFORM - Creation d'une constante de type Entier de valeur 1
mer. juin 20 14:06:32 2012 - INFORM - Conversion d'une constante en Rationnel: 1 --> 1/1
mer. juin 20 14:06:32 2012 - INFORM - Creation d'une constante de type Entier de valeur 1/1
mer. juin 20 14:06:37 2012 - SYSTEM - Creation d'une instance de calculatrice 
mer. juin 20 18:30:19 2012 - SYSTEM - Creation d'une instance de calculatrice 
mer. juin 20 18:30:42 2012 - INFORM - Conversion d'une constante en Reel: 1 --> 1
mer. juin 20 18:30:42 2012 - INFORM - Creation d'une constante de type Entier de valeur 1
mer. juin 20 18:30:46 2012 - SYSTEM - Creation d'une instance de calculatrice 
mer. juin 20 18:31:51 2012 - INFORM - Conversion d'une constante en Reel: 1 --> 1
mer. juin 20 18:31:51 2012 - INFORM - Creation d'une constante de type Entier de valeur 1
mer. juin 20 18:32:13 2012 - SYSTEM - Creation d'une instance de calculatrice 
mer. juin 20 18:32:30 2012 - INFORM - Conversion d'une constante en Reel: 1 --> 1
mer. juin 20 18:32:30 2012 - INFORM - Creation d'une constante de type Entier de valeur 1
mer. juin 20 18:32:37 2012 - SYSTEM - Creation d'une instance de calculatrice 
mer. juin 20 18:33:06 2012 - INFORM - Conversion d'une constante en Reel: 1 --> 1
mer. juin 20 18:33:06 2012 - INFORM - Creation d'une constante de type Entier de valeur 1
mer. juin 20 18:33:10 2012 - SYSTEM - Creation d'une instance de calculatrice 
mer. juin 20 18:33:18 2012 - INFORM - Conversion d'une constante en Reel: 1 --> 1
mer. juin 20 18:33:18 2012 - INFORM - Creation d'une constante de type Entier de valeur 1
mer. juin 20 18:33:19 2012 - INFORM - Conversion d'une constante en Reel: 2 --> 2
mer. juin 20 18:33:19 2012 - INFORM - Creation d'une constante de type Entier de valeur 2
mer. juin 20 18:33:19 2012 - INFORM - Conversion d'une constante en Reel: 3 --> 3
mer. juin 20 18:33:19 2012 - INFORM - Creation d'une constante de type Entier de valeur 3
mer. juin 20 18:41:34 2012 - SYSTEM - Creation d'une instance de calculatrice 
mer. juin 20 18:41:36 2012 - INFORM - Conversion d'une constante en Reel: 1 --> 1
mer. juin 20 18:41:36 2012 - INFORM - Creation d'une constante de type Entier de valeur 1
mer. juin 20 18:41:37 2012 - INFORM - Conversion d'une constante en Reel: 2 --> 2
mer. juin 20 18:41:37 2012 - INFORM - Creation d'une constante de type Entier de valeur 2
mer. juin 20 18:41:38 2012 - INFORM - Conversion d'une constante en Reel: 3 --> 3
mer. juin 20 18:41:38 2012 - INFORM - Creation d'une constante de type Entier de valeur 3
mer. juin 20 18:41:43 2012 - INFORM - Conversion d'une constante en Reel: 1 --> 1
mer. juin 20 18:41:43 2012 - INFORM - Creation d'une constante de type Entier de valeur 1
mer. juin 20 18:41:44 2012 - INFORM - Conversion d'une constante en Reel: 2 --> 2
mer. juin 20 18:41:44 2012 - INFORM - Creation d'une constante de type Entier de valeur 2
mer. juin 20 18:41:44 2012 - INFORM - Conversion d'une constante en Reel: 3 --> 3
mer. juin 20 18:41:44 2012 - INFORM - Creation d'une constante de type Entier de valeur 3
mer. juin 20 18:41:50 2012 - SYSTEM - Creation d'une instance de calculatrice 
mer. juin 20 18:42:54 2012 - SYSTEM - Creation d'une instance de calculatrice 
mer. juin 20 18:42:55 2012 - INFORM - Conversion d'une constante en Reel: 1 --> 1
mer. juin 20 18:42:55 2012 - INFORM - Creation d'une constante de type Entier de valeur 1
mer. juin 20 18:42:56 2012 - INFORM - Conversion d'une constante en Reel: 2 --> 2
mer. juin 20 18:42:56 2012 - INFORM - Creation d'une constante de type Entier de valeur 2
mer. juin 20 18:42:56 2012 - INFORM - Conversion d'une constante en Reel: 3 --> 3
mer. juin 20 18:42:56 2012 - INFORM - Creation d'une constante de type Entier de valeur 3
mer. juin 20 18:43:02 2012 - SYSTEM - Creation d'une instance de calculatrice 
mer. juin 20 18:43:31 2012 - SYSTEM - Creation d'une instance de calculatrice 
mer. juin 20 18:44:18 2012 - SYSTEM - Creation d'une instance de calculatrice 
mer. juin 20 18:44:20 2012 - INFORM - Conversion d'une constante en Reel: 1 --> 1
mer. juin 20 18:44:20 2012 - INFORM - Creation d'une constante de type Entier de valeur 1
mer. juin 20 18:44:20 2012 - INFORM - Conversion d'une constante en Reel: 2 --> 2
mer. juin 20 18:44:20 2012 - INFORM - Creation d'une constante de type Entier de valeur 2
mer. juin 20 18:44:21 2012 - INFORM - Conversion d'une constante en Reel: 3 --> 3
mer. juin 20 18:44:21 2012 - INFORM - Creation d'une constante de type Entier de valeur 3
mer. juin 20 18:44:29 2012 - SYSTEM - Creation d'une instance de calculatrice 
mer. juin 20 18:44:45 2012 - SYSTEM - Creation d'une instance de calculatrice 
mer. juin 20 18:45:16 2012 - SYSTEM - Creation d'une instance de calculatrice 
mer. juin 20 18:45:17 2012 - INFORM - Conversion d'une constante en Reel: 1 --> 1
mer. juin 20 18:45:17 2012 - INFORM - Creation d'une constante de type Entier de valeur 1
mer. juin 20 18:45:17 2012 - INFORM - Conversion d'une constante en Reel: 2 --> 2
mer. juin 20 18:45:17 2012 - INFORM - Creation d'une constante de type Entier de valeur 2
mer. juin 20 18:45:18 2012 - INFORM - Conversion d'une constante en Reel: 36 --> 36
mer. juin 20 18:45:18 2012 - INFORM - Creation d'une constante de type Entier de valeur 36
mer. juin 20 18:45:18 2012 - INFORM - Conversion d'une constante en Reel: 4 --> 4
mer. juin 20 18:45:18 2012 - INFORM - Creation d'une constante de type Entier de valeur 4
mer. juin 20 18:45:19 2012 - INFORM - Conversion d'une constante en Reel: 5 --> 5
mer. juin 20 18:45:19 2012 - INFORM - Creation d'une constante de type Entier de valeur 5
mer. juin 20 18:45:19 2012 - INFORM - Conversion d'une constante en Reel: 6 --> 6
mer. juin 20 18:45:19 2012 - INFORM - Creation d'une constante de type Entier de valeur 6
mer. juin 20 18:45:20 2012 - INFORM - Conversion d'une constante en Reel: 64 --> 64
mer. juin 20 18:45:20 2012 - INFORM - Creation d'une constante de type Entier de valeur 64
mer. juin 20 18:45:20 2012 - INFORM - Conversion d'une constante en Reel: 5 --> 5
mer. juin 20 18:45:20 2012 - INFORM - Creation d'une constante de type Entier de valeur 5
mer. juin 20 18:45:21 2012 - INFORM - Conversion d'une constante en Reel: 5 --> 5
mer. juin 20 18:45:21 2012 - INFORM - Creation d'une constante de type Entier de valeur 5
mer. juin 20 18:45:22 2012 - INFORM - Conversion d'une constante en Reel: 5 --> 5
mer. juin 20 18:45:22 2012 - INFORM - Creation d'une constante de type Entier de valeur 5
mer. juin 20 18:45:22 2012 - INFORM - Conversion d'une constante en Reel: 5 --> 5
mer. juin 20 18:45:22 2012 - INFORM - Creation d'une constante de type Entier de valeur 5
mer. juin 20 18:45:22 2012 - INFORM - Conversion d'une constante en Reel: 5 --> 5
mer. juin 20 18:45:22 2012 - INFORM - Creation d'une constante de type Entier de valeur 5
mer. juin 20 18:45:22 2012 - INFORM - Conversion d'une constante en Reel: 5 --> 5
mer. juin 20 18:45:22 2012 - INFORM - Creation d'une constante de type Entier de valeur 5
mer. juin 20 18:45:22 2012 - INFORM - Conversion d'une constante en Reel: 5 --> 5
mer. juin 20 18:45:22 2012 - INFORM - Creation d'une constante de type Entier de valeur 5
mer. juin 20 18:45:23 2012 - INFORM - Conversion d'une constante en Reel: 5 --> 5
mer. juin 20 18:45:23 2012 - INFORM - Creation d'une constante de type Entier de valeur 5
mer. juin 20 18:45:37 2012 - SYSTEM - Creation d'une instance de calculatrice 
mer. juin 20 18:45:45 2012 - SYSTEM - Creation d'une instance de calculatrice 
mer. juin 20 18:48:35 2012 - SYSTEM - Creation d'une instance de calculatrice 
mer. juin 20 18:48:36 2012 - INFORM - Conversion d'une constante en Reel: 1 --> 1
mer. juin 20 18:48:36 2012 - INFORM - Creation d'une constante de type Entier de valeur 1
mer. juin 20 18:48:37 2012 - INFORM - Conversion d'une constante en Reel: 2 --> 2
mer. juin 20 18:48:37 2012 - INFORM - Creation d'une constante de type Entier de valeur 2
mer. juin 20 18:48:37 2012 - INFORM - Conversion d'une constante en Reel: 3 --> 3
mer. juin 20 18:48:37 2012 - INFORM - Creation d'une constante de type Entier de valeur 3
mer. juin 20 18:48:45 2012 - SYSTEM - Creation d'une instance de calculatrice 
mer. juin 20 18:50:01 2012 - SYSTEM - Creation d'une instance de calculatrice 
mer. juin 20 18:50:01 2012 - INFORM - Conversion d'une constante en Reel: 1 --> 1
mer. juin 20 18:50:01 2012 - INFORM - Creation d'une constante de type Entier de valeur 1
mer. juin 20 18:50:01 2012 - INFORM - Conversion d'une constante en Reel: 2 --> 2
mer. juin 20 18:50:01 2012 - INFORM - Creation d'une constante de type Entier de valeur 2
mer. juin 20 18:50:01 2012 - INFORM - Conversion d'une constante en Reel: 3 --> 3
mer. juin 20 18:50:01 2012 - INFORM - Creation d'une constante de type Entier de valeur 3
mer. juin 20 18:50:24 2012 - SYSTEM - Creation d'une instance de calculatrice 
mer. juin 20 18:50:24 2012 - INFORM - Conversion d'une constante en Reel: 1 --> 1
mer. juin 20 18:50:24 2012 - INFORM - Creation d'une constante de type Entier de valeur 1
mer. juin 20 18:50:24 2012 - INFORM - Conversion d'une constante en Reel: 2 --> 2
mer. juin 20 18:50:24 2012 - INFORM - Creation d'une constante de type Entier de valeur 2
mer. juin 20 18:50:24 2012 - INFORM - Conversion d'une constante en Reel: 3 --> 3
mer. juin 20 18:50:24 2012 - INFORM - Creation d'une constante de type Entier de valeur 3
mer. juin 20 18:50:26 2012 - INFORM - Conversion d'une constante en Reel: 1 --> 1
mer. juin 20 18:50:26 2012 - INFORM - Creation d'une constante de type Entier de valeur 1
mer. juin 20 18:50:27 2012 - INFORM - Conversion d'une constante en Reel: 4 --> 4
mer. juin 20 18:50:27 2012 - INFORM - Creation d'une constante de type Entier de valeur 4
mer. juin 20 18:50:28 2012 - INFORM - Conversion d'une constante en Reel: 5 --> 5
mer. juin 20 18:50:28 2012 - INFORM - Creation d'une constante de type Entier de valeur 5
mer. juin 20 18:50:28 2012 - INFORM - Conversion d'une constante en Reel: 6 --> 6
mer. juin 20 18:50:28 2012 - INFORM - Creation d'une constante de type Entier de valeur 6
mer. juin 20 18:50:35 2012 - INFORM - Conversion d'une constante en Reel: 55 --> 55
mer. juin 20 18:50:35 2012 - INFORM - Creation d'une constante de type Entier de valeur 55
mer. juin 20 18:50:39 2012 - SYSTEM - Creation d'une instance de calculatrice 
mer. juin 20 18:50:39 2012 - INFORM - Conversion d'une constante en Reel: 55 --> 55
mer. juin 20 18:50:39 2012 - INFORM - Creation d'une constante de type Entier de valeur 55
mer. juin 20 18:50:42 2012 - INFORM - Conversion d'une constante en Reel: 56 --> 56
mer. juin 20 18:50:42 2012 - INFORM - Creation d'une constante de type Entier de valeur 56
mer. juin 20 18:50:45 2012 - INFORM - Conversion d'une constante en Reel: 57 --> 57
mer. juin 20 18:50:45 2012 - INFORM - Creation d'une constante de type Entier de valeur 57
mer. juin 20 18:50:46 2012 - INFORM - Conversion d'une constante en Reel: 113 --> 113
mer. juin 20 18:50:46 2012 - INFORM - Application d'un operateur binaire de valeur +
mer. juin 20 18:50:47 2012 - INFORM - Conversion d'une constante en Reel: 168 --> 168
mer. juin 20 18:50:47 2012 - INFORM - Application d'un operateur binaire de valeur +
mer. juin 20 18:50:52 2012 - SYSTEM - Creation d'une instance de calculatrice 
mer. juin 20 18:50:52 2012 - INFORM - Conversion d'une constante en Reel: 168 --> 168
mer. juin 20 18:50:52 2012 - INFORM - Creation d'une constante de type Entier de valeur 168
mer. juin 20 18:50:56 2012 - INFORM - Application d'un operateur unaire de valeur SIGN
mer. juin 20 18:51:01 2012 - SYSTEM - Creation d'une instance de calculatrice 
mer. juin 20 18:51:01 2012 - INFORM - Conversion d'une constante en Reel: -168 --> -168
mer. juin 20 18:51:01 2012 - INFORM - Creation d'une constante de type Entier de valeur -168
mer. juin 20 18:51:49 2012 - SYSTEM - Creation d'une instance de calculatrice 
mer. juin 20 18:51:49 2012 - INFORM - Conversion d'une constante en Reel: -168 --> -168
mer. juin 20 18:51:49 2012 - INFORM - Creation d'une constante de type Entier de valeur -168
mer. juin 20 18:52:36 2012 - SYSTEM - Creation d'une instance de calculatrice 
mer. juin 20 18:52:43 2012 - SYSTEM - Creation d'une instance de calculatrice 
mer. juin 20 18:53:02 2012 - SYSTEM - Creation d'une instance de calculatrice 
mer. juin 20 18:54:06 2012 - SYSTEM - Creation d'une instance de calculatrice 
mer. juin 20 18:54:06 2012 - INFORM - Conversion d'une constante en Reel: -168 --> -168
mer. juin 20 18:54:06 2012 - INFORM - Creation d'une constante de type Entier de valeur -168
mer. juin 20 18:54:07 2012 - INFORM - Conversion d'une constante en Reel: 1 --> 1
mer. juin 20 18:54:07 2012 - INFORM - Creation d'une constante de type Entier de valeur 1
mer. juin 20 18:54:08 2012 - INFORM - Conversion d'une constante en Reel: 2 --> 2
mer. juin 20 18:54:08 2012 - INFORM - Creation d'une constante de type Entier de valeur 2
mer. juin 20 18:54:10 2012 - INFORM - Conversion d'une constante en Reel: 3 --> 3
mer. juin 20 18:54:10 2012 - INFORM - Creation d'une constante de type Entier de valeur 3
mer. juin 20 18:54:10 2012 - INFORM - Conversion d'une constante en Reel: 5 --> 5
mer. juin 20 18:54:10 2012 - INFORM - Application d'un operateur binaire de valeur +
mer. juin 20 18:54:12 2012 - INFORM - Conversion d'une constante en Reel: 7 --> 7
mer. juin 20 18:54:12 2012 - INFORM - Application d'un operateur binaire de valeur +
mer. juin 20 18:54:12 2012 - INFORM - Conversion d'une constante en Reel: 8 --> 8
mer. juin 20 18:54:12 2012 - INFORM - Application d'un operateur binaire de valeur +
mer. juin 20 18:54:14 2012 - INFORM - Conversion d'une constante en Reel: -160 --> -160
mer. juin 20 18:54:14 2012 - INFORM - Application d'un operateur binaire de valeur +
mer. juin 20 18:54:38 2012 - SYSTEM - Creation d'une instance de calculatrice 
mer. juin 20 18:54:38 2012 - INFORM - Conversion d'une constante en Reel: -160 --> -160
mer. juin 20 18:54:38 2012 - INFORM - Creation d'une constante de type Entier de valeur -160
mer. juin 20 18:54:40 2012 - INFORM - Conversion d'une constante en Reel: 1 --> 1
mer. juin 20 18:54:40 2012 - INFORM - Creation d'une constante de type Entier de valeur 1
mer. juin 20 18:54:41 2012 - INFORM - Conversion d'une constante en Reel: 2 --> 2
mer. juin 20 18:54:41 2012 - INFORM - Creation d'une constante de type Entier de valeur 2
mer. juin 20 18:54:42 2012 - INFORM - Conversion d'une constante en Reel: 3 --> 3
mer. juin 20 18:54:42 2012 - INFORM - Creation d'une constante de type Entier de valeur 3
mer. juin 20 18:54:42 2012 - INFORM - Conversion d'une constante en Reel: 5 --> 5
mer. juin 20 18:54:42 2012 - INFORM - Creation d'une constante de type Entier de valeur 5
mer. juin 20 18:54:43 2012 - INFORM - Conversion d'une constante en Reel: 8 --> 8
mer. juin 20 18:54:43 2012 - INFORM - Application d'un operateur binaire de valeur +
mer. juin 20 18:54:44 2012 - INFORM - Conversion d'une constante en Reel: 16 --> 16
mer. juin 20 18:54:44 2012 - INFORM - Application d'un operateur binaire de valeur *
mer. juin 20 18:54:45 2012 - INFORM - Conversion d'une constante en Reel: 16 --> 16
mer. juin 20 18:54:45 2012 - INFORM - Application d'un operateur binaire de valeur *
mer. juin 20 18:54:46 2012 - INFORM - Conversion d'une constante en Reel: -2560 --> -2560
mer. juin 20 18:54:46 2012 - INFORM - Application d'un operateur binaire de valeur *
mer. juin 20 18:55:02 2012 - SYSTEM - Creation d'une instance de calculatrice 
mer. juin 20 18:55:02 2012 - INFORM - Conversion d'une constante en Rationnel: -2560 --> -2560/1
mer. juin 20 18:55:02 2012 - INFORM - Creation d'une constante de type Entier de valeur -2560/1
mer. juin 20 18:55:02 2012 - INFORM - Conversion d'une constante en Rationnel: -2560 --> -2560/1
mer. juin 20 18:55:02 2012 - INFORM - Creation d'une constante de type Entier de valeur -2560/1
mer. juin 20 18:58:35 2012 - SYSTEM - Creation d'une instance de calculatrice 
mer. juin 20 18:59:01 2012 - SYSTEM - Creation d'une instance de calculatrice 
mer. juin 20 18:59:06 2012 - INFORM - Conversion d'une constante en Entier: 5 --> 5
mer. juin 20 18:59:06 2012 - INFORM - Creation d'une constante de type Entier de valeur 5
mer. juin 20 18:59:09 2012 - SYSTEM - Creation d'une instance de calculatrice 
mer. juin 20 18:59:09 2012 - INFORM - Conversion d'une constante en Entier: 5 --> 5
mer. juin 20 18:59:09 2012 - INFORM - Creation d'une constante de type Entier de valeur 5
mer. juin 20 18:59:14 2012 - INFORM - Conversion d'une constante en Rationnel: 54 --> 54/1
mer. juin 20 18:59:14 2012 - INFORM - Creation d'une constante de type Entier de valeur 54/1
mer. juin 20 18:59:17 2012 - SYSTEM - Creation d'une instance de calculatrice 
mer. juin 20 18:59:17 2012 - INFORM - Conversion d'une constante en Rationnel: 5 --> 5/1
mer. juin 20 18:59:17 2012 - INFORM - Creation d'une constante de type Entier de valeur 5/1
mer. juin 20 18:59:17 2012 - INFORM - Conversion d'une constante en Rationnel: 54/1 --> 54/1
mer. juin 20 18:59:17 2012 - INFORM - Creation d'une constante de type Rationnel de valeur 54/1